Tue Feb 21 2017 13:19:30 GMT+0200 (Финляндия (зима)) INFO >>> Running on http://localhost:8081
Tue Feb 21 2017 13:22:35 GMT+0200 (Финляндия (зима)) INFO >>> Running on http://localhost:8081
Tue Feb 21 2017 13:31:33 GMT+0200 (Финляндия (зима)) INFO >>> Running on http://localhost:8081
Tue Feb 21 2017 13:34:20 GMT+0200 (Финляндия (зима)) INFO >>> Running on http://localhost:8081
Tue Feb 21 2017 13:37:34 GMT+0200 (Финляндия (зима)) INFO >>> Running on http://localhost:8081
Tue Feb 21 2017 13:40:09 GMT+0200 (Финляндия (зима)) INFO >>> Running on http://localhost:8081
Tue Feb 21 2017 13:42:35 GMT+0200 (Финляндия (зима)) INFO >>> Running on http://localhost:8081
Tue Feb 21 2017 13:44:09 GMT+0200 (Финляндия (зима)) INFO >>> Running on http://localhost:8081
Tue Feb 21 2017 13:46:50 GMT+0200 (Финляндия (зима)) INFO >>> Running on http://localhost:8081
Tue Feb 21 2017 13:53:10 GMT+0200 (Финляндия (зима)) INFO >>> Running on http://localhost:8081
Tue Feb 21 2017 13:56:20 GMT+0200 (Финляндия (зима)) INFO >>> Running on http://localhost:8081
Tue Feb 21 2017 13:59:23 GMT+0200 (Финляндия (зима)) INFO >>> Running on http://localhost:8081
Tue Feb 21 2017 14:02:05 GMT+0200 (Финляндия (зима)) INFO >>> Running on http://localhost:8081
Tue Feb 21 2017 14:02:37 GMT+0200 (Финляндия (зима)) INFO >>> Running on http://localhost:8081
Tue Feb 21 2017 14:03:09 GMT+0200 (Финляндия (зима)) INFO >>> Running on http://localhost:8081
Tue Feb 21 2017 14:04:44 GMT+0200 (Финляндия (зима)) INFO >>> Running on http://localhost:8081
Tue Feb 21 2017 14:05:10 GMT+0200 (Финляндия (зима)) INFO >>> Running on http://localhost:8081
Tue Feb 21 2017 14:05:42 GMT+0200 (Финляндия (зима)) INFO >>> Running on http://localhost:8081
Tue Feb 21 2017 17:37:28 GMT+0200 (Финляндия (зима)) INFO >>> Running on http://localhost:8081
Tue Feb 21 2017 17:38:33 GMT+0200 (Финляндия (зима)) INFO >>> Running on http://localhost:8081
Tue Feb 21 2017 17:41:49 GMT+0200 (Финляндия (зима)) INFO >>> Running on http://localhost:8081
Tue Feb 21 2017 17:42:53 GMT+0200 (Финляндия (зима)) INFO >>> Running on http://localhost:8081
Tue Feb 21 2017 17:43:44 GMT+0200 (Финляндия (зима)) INFO >>> Running on http://localhost:8081
Tue Feb 21 2017 17:44:26 GMT+0200 (Финляндия (зима)) INFO >>> Running on http://localhost:8081
Tue Feb 21 2017 17:49:48 GMT+0200 (Финляндия (зима)) INFO >>> Running on http://localhost:8081
Tue Feb 21 2017 17:53:36 GMT+0200 (Финляндия (зима)) INFO >>> Running on http://localhost:8081
Tue Feb 21 2017 17:54:45 GMT+0200 (Финляндия (зима)) INFO >>> Running on http://localhost:8081
Tue Feb 21 2017 17:56:46 GMT+0200 (Финляндия (зима)) INFO >>> Running on http://localhost:8081
Tue Feb 21 2017 17:57:56 GMT+0200 (Финляндия (зима)) INFO >>> Running on http://localhost:8081
Tue Feb 21 2017 18:17:38 GMT+0200 (Финляндия (зима)) INFO >>> Running on http://localhost:8081
Tue Feb 21 2017 18:22:36 GMT+0200 (Финляндия (зима)) INFO >>> Running on http://localhost:8081
Tue Feb 21 2017 19:10:24 GMT+0200 (Финляндия (зима)) INFO >>> Running on http://localhost:8081
Tue Feb 21 2017 19:11:50 GMT+0200 (Финляндия (зима)) INFO >>> Running on http://localhost:8081
Tue Feb 21 2017 19:13:19 GMT+0200 (Финляндия (зима)) INFO >>> Running on http://localhost:8081
Tue Feb 21 2017 19:13:59 GMT+0200 (Финляндия (зима)) INFO >>> Running on http://localhost:8081
Tue Feb 21 2017 19:18:06 GMT+0200 (Финляндия (зима)) INFO >>> Running on http://localhost:8081
Wed Feb 22 2017 10:38:48 GMT+0200 (Финляндия (зима)) INFO >>> Running on http://localhost:8081
Wed Feb 22 2017 10:39:57 GMT+0200 (Финляндия (зима)) INFO >>> Running on http://localhost:8081
Wed Feb 22 2017 10:45:46 GMT+0200 (Финляндия (зима)) INFO >>> Running on http://localhost:8081
Wed Feb 22 2017 10:50:33 GMT+0200 (Финляндия (зима)) INFO >>> Running on http://localhost:8081
Wed Feb 22 2017 10:53:42 GMT+0200 (Финляндия (зима)) INFO >>> Running on http://localhost:8081
Wed Feb 22 2017 10:55:30 GMT+0200 (Финляндия (зима)) INFO >>> Running on http://localhost:8081
Wed Feb 22 2017 11:35:17 GMT+0200 (Финляндия (зима)) INFO >>> Running on http://localhost:8081
Wed Feb 22 2017 11:38:13 GMT+0200 (Финляндия (зима)) INFO >>> Running on http://localhost:8081
Wed Feb 22 2017 11:40:03 GMT+0200 (Финляндия (зима)) INFO >>> Running on http://localhost:8081
Wed Feb 22 2017 11:40:57 GMT+0200 (Финляндия (зима)) INFO >>> Running on http://localhost:8081
Wed Feb 22 2017 11:51:08 GMT+0200 (Финляндия (зима)) INFO >>> Running on http://localhost:8081
Wed Feb 22 2017 11:52:15 GMT+0200 (Финляндия (зима)) INFO >>> Running on http://localhost:8081
Wed Feb 22 2017 11:54:44 GMT+0200 (Финляндия (зима)) INFO >>> Running on http://localhost:8081
Wed Feb 22 2017 12:39:37 GMT+0200 (Финляндия (зима)) INFO >>> Running on http://localhost:8081
Wed Feb 22 2017 12:55:12 GMT+0200 (Финляндия (зима)) INFO >>> Running on http://localhost:8081
Wed Feb 22 2017 12:59:12 GMT+0200 (Финляндия (зима)) INFO >>> Running on http://localhost:8081
Wed Feb 22 2017 13:03:24 GMT+0200 (Финляндия (зима)) INFO >>> Running on http://localhost:8081
Wed Feb 22 2017 13:05:41 GMT+0200 (Финляндия (зима)) INFO >>> Running on http://localhost:8081
Wed Feb 22 2017 13:19:55 GMT+0200 (Финляндия (зима)) INFO >>> Running on http://localhost:8081
Wed Feb 22 2017 13:27:29 GMT+0200 (Финляндия (зима)) INFO >>> Running on http://localhost:8081
Wed Feb 22 2017 13:31:48 GMT+0200 (Финляндия (зима)) INFO >>> Running on http://localhost:8081
Wed Feb 22 2017 13:33:08 GMT+0200 (Финляндия (зима)) INFO >>> Running on http://localhost:8081
Wed Feb 22 2017 13:39:49 GMT+0200 (Финляндия (зима)) INFO >>> Running on http://localhost:8081
Wed Feb 22 2017 13:47:48 GMT+0200 (Финляндия (зима)) INFO >>> Running on http://localhost:8081
Wed Feb 22 2017 13:53:49 GMT+0200 (Финляндия (зима)) INFO >>> Running on http://localhost:8081
Wed Feb 22 2017 13:54:06 GMT+0200 (Финляндия (зима)) INFO >>> Running on http://localhost:8081
Wed Feb 22 2017 13:54:52 GMT+0200 (Финляндия (зима)) INFO >>> Running on http://localhost:8081
Wed Feb 22 2017 13:59:16 GMT+0200 (Финляндия (зима)) INFO >>> Running on http://localhost:8081
Wed Feb 22 2017 14:17:15 GMT+0200 (Финляндия (зима)) INFO >>> Running on http://localhost:8081
Wed Feb 22 2017 14:17:30 GMT+0200 (Финляндия (зима)) INFO >>> Running on http://localhost:8081
Wed Feb 22 2017 14:17:34 GMT+0200 (Финляндия (зима)) INFO >>> Running on http://localhost:8081
Wed Feb 22 2017 14:41:51 GMT+0200 (Финляндия (зима)) INFO >>> Running on http://localhost:8081
Wed Feb 22 2017 14:42:28 GMT+0200 (Финляндия (зима)) INFO >>> Running on http://localhost:8081
Wed Feb 22 2017 14:42:56 GMT+0200 (Финляндия (зима)) INFO >>> Running on http://localhost:8081
Wed Feb 22 2017 14:48:04 GMT+0200 (Финляндия (зима)) INFO >>> Running on http://localhost:8081
Wed Feb 22 2017 14:48:56 GMT+0200 (Финляндия (зима)) INFO >>> Running on http://localhost:8081
Wed Feb 22 2017 14:50:52 GMT+0200 (Финляндия (зима)) INFO >>> Running on http://localhost:8081
Wed Feb 22 2017 14:52:23 GMT+0200 (Финляндия (зима)) INFO >>> Running on http://localhost:8081
Wed Feb 22 2017 14:55:03 GMT+0200 (Финляндия (зима)) INFO >>> Running on http://localhost:8081
Wed Feb 22 2017 14:59:47 GMT+0200 (Финляндия (зима)) INFO >>> Running on http://localhost:8081
Wed Feb 22 2017 15:01:04 GMT+0200 (Финляндия (зима)) INFO >>> Running on http://localhost:8081
Fri Mar 03 2017 17:34:10 GMT+0200 (Финляндия (зима)) INFO >>> Running on http://localhost:8081
Fri Mar 03 2017 17:34:46 GMT+0200 (Финляндия (зима)) INFO >>> Running on http://localhost:8081
Fri Mar 03 2017 17:38:36 GMT+0200 (Финляндия (зима)) INFO >>> Running on http://localhost:8081
Fri Mar 03 2017 17:40:12 GMT+0200 (Финляндия (зима)) INFO >>> Running on http://localhost:8081
Fri Mar 03 2017 17:41:23 GMT+0200 (Финляндия (зима)) INFO >>> Running on http://localhost:8081
Fri Mar 03 2017 17:43:43 GMT+0200 (Финляндия (зима)) INFO >>> Running on http://localhost:8081
Fri Mar 03 2017 17:56:15 GMT+0200 (Финляндия (зима)) INFO >>> Running on http://localhost:8081
Fri Mar 03 2017 17:58:26 GMT+0200 (Финляндия (зима)) INFO >>> Running on http://localhost:8081
Fri Mar 03 2017 18:02:46 GMT+0200 (Финляндия (зима)) INFO >>> Running on http://localhost:8081
Fri Mar 03 2017 18:06:40 GMT+0200 (Финляндия (зима)) INFO >>> Running on http://localhost:8081
Fri Mar 03 2017 18:09:24 GMT+0200 (Финляндия (зима)) INFO >>> Running on http://localhost:8081
Fri Mar 03 2017 18:12:22 GMT+0200 (Финляндия (зима)) INFO >>> Running on http://localhost:8081
Fri Mar 03 2017 18:14:05 GMT+0200 (Финляндия (зима)) INFO >>> Running on http://localhost:8081
Fri Mar 03 2017 18:19:05 GMT+0200 (Финляндия (зима)) INFO >>> Running on http://localhost:8081
Fri Mar 03 2017 18:21:10 GMT+0200 (Финляндия (зима)) INFO >>> Running on http://localhost:8081
Fri Mar 03 2017 18:25:10 GMT+0200 (Финляндия (зима)) INFO >>> Running on http://localhost:8081
Fri Mar 03 2017 18:46:43 GMT+0200 (Финляндия (зима)) INFO >>> Running on http://localhost:8081
Fri Mar 03 2017 18:47:08 GMT+0200 (Финляндия (зима)) INFO >>> Running on http://localhost:8081
Fri Mar 03 2017 18:47:34 GMT+0200 (Финляндия (зима)) INFO >>> Running on http://localhost:8081
Fri Mar 03 2017 19:01:25 GMT+0200 (Финляндия (зима)) INFO >>> Running on http://localhost:8081
Fri Mar 03 2017 19:06:20 GMT+0200 (Финляндия (зима)) INFO >>> Running on http://localhost:8081
Fri Mar 03 2017 19:17:10 GMT+0200 (Финляндия (зима)) INFO >>> Running on http://localhost:8081
Fri Mar 03 2017 19:23:17 GMT+0200 (Финляндия (зима)) INFO >>> Running on http://localhost:8081
Sun Mar 05 2017 12:57:19 GMT+0200 (Финляндия (зима)) INFO >>> Running on http://localhost:8081
Sun Mar 05 2017 13:15:40 GMT+0200 (Финляндия (зима)) INFO >>> Running on http://localhost:8081
Mon Mar 06 2017 12:41:49 GMT+0200 (Финляндия (зима)) INFO >>> Running on http://localhost:8081
Mon Mar 06 2017 12:44:03 GMT+0200 (Финляндия (зима)) INFO >>> Running on http://localhost:8081
Mon Mar 06 2017 12:45:35 GMT+0200 (Финляндия (зима)) INFO >>> Running on http://localhost:8081
Tue Mar 07 2017 13:53:57 GMT+0200 (Финляндия (зима)) INFO >>> Running on http://localhost:8081
Tue Mar 07 2017 18:28:41 GMT+0200 (Финляндия (зима)) INFO >>> Running on http://localhost:8081
Thu Mar 09 2017 14:24:42 GMT+0200 (Финляндия (зима)) INFO >>> Running on http://localhost:8081
Thu Mar 09 2017 14:28:56 GMT+0200 (Финляндия (зима)) INFO >>> Running on http://localhost:8081
Thu Mar 09 2017 15:33:47 GMT+0200 (Финляндия (зима)) INFO >>> Running on http://localhost:8081
Thu Mar 09 2017 15:36:17 GMT+0200 (Финляндия (зима)) INFO >>> Running on http://localhost:8081
Thu Mar 09 2017 15:37:54 GMT+0200 (Финляндия (зима)) INFO >>> Running on http://localhost:8081
Thu Mar 09 2017 15:39:11 GMT+0200 (Финляндия (зима)) INFO >>> Running on http://localhost:8081
Thu Mar 09 2017 15:40:08 GMT+0200 (Финляндия (зима)) INFO >>> Running on http://localhost:8081
Thu Mar 09 2017 16:14:49 GMT+0200 (Финляндия (зима)) INFO >>> Running on http://localhost:8081
Thu Mar 09 2017 16:17:21 GMT+0200 (Финляндия (зима)) INFO >>> Running on http://localhost:8081
Thu Mar 09 2017 16:29:51 GMT+0200 (Финляндия (зима)) INFO >>> Running on http://localhost:8081
Thu Mar 09 2017 16:31:56 GMT+0200 (Финляндия (зима)) INFO >>> Running on http://localhost:8081
Thu Mar 09 2017 16:35:03 GMT+0200 (Финляндия (зима)) INFO >>> Running on http://localhost:8081
Thu Mar 09 2017 16:36:20 GMT+0200 (Финляндия (зима)) INFO >>> Running on http://localhost:8081
Thu Mar 09 2017 16:40:35 GMT+0200 (Финляндия (зима)) INFO >>> Running on http://localhost:8081
Thu Mar 09 2017 16:54:58 GMT+0200 (Финляндия (зима)) INFO >>> Running on http://localhost:8081
Thu Mar 09 2017 16:59:14 GMT+0200 (Финляндия (зима)) INFO >>> Running on http://localhost:8081
Thu Mar 09 2017 17:10:36 GMT+0200 (Финляндия (зима)) INFO >>> Running on http://localhost:8081
Thu Mar 09 2017 17:19:12 GMT+0200 (Финляндия (зима)) INFO >>> Running on http://localhost:8081
Thu Mar 09 2017 17:40:27 GMT+0200 (Финляндия (зима)) INFO >>> Running on http://localhost:8081
Thu Mar 09 2017 17:41:57 GMT+0200 (Финляндия (зима)) INFO >>> Running on http://localhost:8081
Thu Mar 09 2017 18:08:25 GMT+0200 (Финляндия (зима)) INFO >>> Running on http://localhost:8081
Thu Mar 09 2017 18:18:09 GMT+0200 (Финляндия (зима)) INFO >>> Running on http://localhost:8081
Thu Mar 09 2017 18:29:28 GMT+0200 (Финляндия (зима)) INFO >>> Running on http://localhost:8081
Thu Mar 09 2017 18:30:08 GMT+0200 (Финляндия (зима)) INFO >>> Running on http://localhost:8081
Thu Mar 09 2017 18:32:09 GMT+0200 (Финляндия (зима)) INFO >>> Running on http://localhost:8081
Thu Mar 09 2017 18:59:05 GMT+0200 (Финляндия (зима)) INFO >>> Running on http://localhost:8081
Thu Mar 09 2017 19:01:00 GMT+0200 (Финляндия (зима)) INFO >>> Running on http://localhost:8081
Thu Mar 09 2017 19:04:58 GMT+0200 (Финляндия (зима)) INFO >>> Running on http://localhost:8081
Thu Mar 09 2017 19:07:06 GMT+0200 (Финляндия (зима)) INFO >>> Running on http://localhost:8081
Thu Mar 09 2017 19:07:19 GMT+0200 (Финляндия (зима)) INFO >>> Running on http://localhost:8081
Thu Mar 09 2017 19:13:42 GMT+0200 (Финляндия (зима)) INFO >>> Running on http://localhost:8081
Thu Mar 09 2017 20:55:58 GMT+0200 (Финляндия (зима)) INFO >>> Running on http://localhost:8081
Thu Mar 09 2017 20:56:57 GMT+0200 (Финляндия (зима)) INFO >>> Running on http://localhost:8081
Thu Mar 09 2017 20:58:26 GMT+0200 (Финляндия (зима)) INFO >>> Running on http://localhost:8081
Thu Mar 09 2017 21:02:33 GMT+0200 (Финляндия (зима)) INFO >>> Running on http://localhost:8081
Thu Mar 09 2017 21:06:28 GMT+0200 (Финляндия (зима)) INFO >>> Running on http://localhost:8081
Thu Mar 09 2017 21:35:37 GMT+0200 (Финляндия (зима)) INFO >>> Running on http://localhost:8081
Thu Mar 09 2017 21:43:27 GMT+0200 (Финляндия (зима)) INFO >>> Running on http://localhost:8081
Thu Mar 09 2017 21:45:01 GMT+0200 (Финляндия (зима)) INFO >>> Running on http://localhost:8081
Thu Mar 09 2017 21:52:10 GMT+0200 (Финляндия (зима)) INFO >>> Running on http://localhost:8081
Thu Mar 09 2017 21:57:56 GMT+0200 (Финляндия (зима)) INFO >>> Running on http://localhost:8081
Thu Mar 09 2017 22:06:09 GMT+0200 (Финляндия (зима)) INFO >>> Running on http://localhost:8081
Thu Mar 09 2017 22:10:20 GMT+0200 (Финляндия (зима)) INFO >>> Running on http://localhost:8081
Fri Mar 10 2017 11:12:35 GMT+0200 (Финляндия (зима)) INFO >>> Running on http://localhost:8081
Fri Mar 10 2017 11:19:05 GMT+0200 (Финляндия (зима)) INFO >>> Running on http://localhost:8081
Fri Mar 10 2017 12:10:40 GMT+0200 (Финляндия (зима)) INFO >>> Running on http://localhost:8081
Fri Mar 10 2017 12:15:07 GMT+0200 (Финляндия (зима)) INFO >>> Running on http://localhost:8081
Fri Mar 10 2017 12:21:15 GMT+0200 (Финляндия (зима)) INFO >>> Running on http://localhost:8081
Fri Mar 10 2017 12:26:21 GMT+0200 (Финляндия (зима)) INFO >>> Running on http://localhost:8081
Fri Mar 10 2017 12:27:29 GMT+0200 (Финляндия (зима)) INFO >>> Running on http://localhost:8081
Fri Mar 10 2017 15:23:24 GMT+0200 (Финляндия (зима)) INFO >>> Running on http://localhost:8081
Fri Mar 10 2017 15:25:21 GMT+0200 (Финляндия (зима)) INFO >>> Running on http://localhost:8081
Fri Mar 10 2017 15:41:34 GMT+0200 (Финляндия (зима)) INFO >>> Running on http://localhost:8081
Fri Mar 10 2017 15:51:18 GMT+0200 (Финляндия (зима)) INFO >>> Running on http://localhost:8081
Fri Mar 10 2017 15:53:43 GMT+0200 (Финляндия (зима)) INFO >>> Running on http://localhost:8081
Fri Mar 10 2017 15:54:59 GMT+0200 (Финляндия (зима)) INFO >>> Running on http://localhost:8081
Fri Mar 10 2017 15:57:14 GMT+0200 (Финляндия (зима)) INFO >>> Running on http://localhost:8081
Fri Mar 10 2017 16:02:57 GMT+0200 (Финляндия (зима)) INFO >>> Running on http://localhost:8081
Fri Mar 10 2017 16:04:17 GMT+0200 (Финляндия (зима)) INFO >>> Running on http://localhost:8081
Fri Mar 10 2017 16:13:26 GMT+0200 (Финляндия (зима)) INFO >>> Running on http://localhost:8081
Fri Mar 10 2017 16:35:27 GMT+0200 (Финляндия (зима)) INFO >>> Running on http://localhost:8081
Fri Mar 10 2017 16:42:29 GMT+0200 (Финляндия (зима)) INFO >>> Running on http://localhost:8081
Fri Mar 10 2017 16:45:21 GMT+0200 (Финляндия (зима)) INFO >>> Running on http://localhost:8081
Fri Mar 10 2017 16:49:23 GMT+0200 (Финляндия (зима)) INFO >>> Running on http://localhost:8081
Fri Mar 10 2017 16:50:36 GMT+0200 (Финляндия (зима)) INFO >>> Running on http://localhost:8081
Fri Mar 10 2017 16:56:03 GMT+0200 (Финляндия (зима)) INFO >>> Running on http://localhost:8081
Fri Mar 10 2017 16:58:11 GMT+0200 (Финляндия (зима)) INFO >>> Running on http://localhost:8081
Fri Mar 10 2017 17:06:31 GMT+0200 (Финляндия (зима)) INFO >>> Running on http://localhost:8081
Fri Mar 10 2017 17:09:38 GMT+0200 (Финляндия (зима)) INFO >>> Running on http://localhost:8081
Mon Mar 13 2017 14:38:15 GMT+0200 (Финляндия (зима)) INFO >>> Running on http://localhost:8081
Mon Mar 13 2017 15:45:55 GMT+0200 (Финляндия (зима)) INFO >>> Running on http://localhost:8081
Mon Mar 13 2017 15:46:27 GMT+0200 (Финляндия (зима)) INFO >>> Running on http://localhost:8081
Mon Mar 13 2017 18:57:07 GMT+0200 (Финляндия (зима)) INFO >>> Running on http://localhost:8081
Tue Mar 14 2017 15:04:25 GMT+0200 (Финляндия (зима)) INFO >>> Running on http://localhost:8081
Tue Mar 14 2017 15:07:31 GMT+0200 (Финляндия (зима)) INFO >>> Running on http://localhost:8081
Tue Mar 14 2017 15:15:25 GMT+0200 (Финляндия (зима)) INFO >>> Running on http://localhost:8081
Tue Mar 14 2017 15:19:30 GMT+0200 (Финляндия (зима)) INFO >>> Running on http://localhost:8081
Tue Mar 14 2017 15:27:44 GMT+0200 (Финляндия (зима)) INFO >>> Running on http://localhost:8081
Tue Mar 14 2017 15:28:34 GMT+0200 (Финляндия (зима)) INFO >>> Running on http://localhost:8081
Tue Mar 14 2017 15:29:07 GMT+0200 (Финляндия (зима)) INFO >>> Running on http://localhost:8081
Tue Mar 14 2017 15:29:58 GMT+0200 (Финляндия (зима)) INFO >>> Running on http://localhost:8081
Tue Mar 14 2017 15:33:42 GMT+0200 (Финляндия (зима)) INFO >>> Running on http://localhost:8081
Tue Mar 14 2017 15:35:59 GMT+0200 (Финляндия (зима)) INFO >>> Running on http://localhost:8081
Tue Mar 14 2017 15:36:30 GMT+0200 (Финляндия (зима)) INFO >>> Running on http://localhost:8081
Tue Mar 14 2017 15:37:06 GMT+0200 (Финляндия (зима)) INFO >>> Running on http://localhost:8081
Tue Mar 14 2017 15:37:22 GMT+0200 (Финляндия (зима)) INFO >>> Running on http://localhost:8081
Tue Mar 14 2017 15:40:50 GMT+0200 (Финляндия (зима)) INFO >>> Running on http://localhost:8081
Tue Mar 14 2017 15:43:27 GMT+0200 (Финляндия (зима)) INFO >>> Running on http://localhost:8081
Tue Mar 14 2017 15:47:48 GMT+0200 (Финляндия (зима)) INFO >>> Running on http://localhost:8081
Tue Mar 14 2017 15:48:46 GMT+0200 (Финляндия (зима)) INFO >>> Running on http://localhost:8081
Tue Mar 14 2017 15:56:11 GMT+0200 (Финляндия (зима)) INFO >>> Running on http://localhost:8081
Tue Mar 14 2017 15:57:38 GMT+0200 (Финляндия (зима)) INFO >>> Running on http://localhost:8081
Tue Mar 14 2017 16:01:21 GMT+0200 (Финляндия (зима)) INFO >>> Running on http://localhost:8081
Tue Mar 14 2017 16:06:46 GMT+0200 (Финляндия (зима)) INFO >>> Running on http://localhost:8081
Tue Mar 14 2017 16:08:23 GMT+0200 (Финляндия (зима)) INFO >>> Running on http://localhost:8081
Tue Mar 14 2017 16:39:19 GMT+0200 (Финляндия (зима)) INFO >>> Running on http://localhost:8081
Tue Mar 14 2017 16:41:39 GMT+0200 (Финляндия (зима)) INFO >>> Running on http://localhost:8081
Tue Mar 14 2017 18:11:27 GMT+0200 (Финляндия (зима)) INFO >>> Running on http://localhost:8081
Tue Mar 14 2017 18:12:07 GMT+0200 (Финляндия (зима)) INFO >>> Running on http://localhost:8081
Tue Mar 14 2017 18:13:04 GMT+0200 (Финляндия (зима)) INFO >>> Running on http://localhost:8081
Tue Mar 14 2017 18:14:53 GMT+0200 (Финляндия (зима)) INFO >>> Running on http://localhost:8081
Tue Mar 14 2017 18:17:46 GMT+0200 (Финляндия (зима)) INFO >>> Running on http://localhost:8081
Tue Mar 14 2017 18:18:37 GMT+0200 (Финляндия (зима)) INFO >>> Running on http://localhost:8081
Tue Mar 14 2017 18:19:50 GMT+0200 (Финляндия (зима)) INFO >>> Running on http://localhost:8081
Thu Mar 16 2017 14:32:27 GMT+0200 (Финляндия (зима)) INFO >>> Running on http://localhost:8081
Thu Mar 16 2017 15:12:14 GMT+0200 (Финляндия (зима)) INFO >>> Running on http://localhost:8081
Thu Mar 16 2017 15:33:00 GMT+0200 (Финляндия (зима)) INFO >>> Running on http://localhost:8081
Thu Mar 16 2017 16:37:06 GMT+0200 (Финляндия (зима)) INFO >>> Running on http://localhost:8081
Thu Mar 16 2017 16:38:28 GMT+0200 (Финляндия (зима)) INFO >>> Running on http://localhost:8081
Thu Mar 16 2017 16:40:39 GMT+0200 (Финляндия (зима)) INFO >>> Running on http://localhost:8081
Thu Mar 16 2017 16:42:26 GMT+0200 (Финляндия (зима)) INFO >>> Running on http://localhost:8081
Thu Mar 16 2017 16:43:08 GMT+0200 (Финляндия (зима)) INFO >>> Running on http://localhost:8081
Thu Mar 16 2017 16:45:20 GMT+0200 (Финляндия (зима)) INFO >>> Running on http://localhost:8081
Thu Mar 16 2017 16:49:26 GMT+0200 (Финляндия (зима)) INFO >>> Running on http://localhost:8081
Sun Mar 19 2017 13:55:24 GMT+0200 (Финляндия (зима)) INFO >>> Running on http://localhost:8081
Sun Mar 19 2017 13:58:55 GMT+0200 (Финляндия (зима)) INFO >>> Running on http://localhost:8081
Mon Mar 20 2017 18:17:47 GMT+0200 (Финляндия (зима)) INFO >>> Running on http://localhost:8081
Mon Mar 20 2017 18:18:21 GMT+0200 (Финляндия (зима)) INFO >>> Running on http://localhost:8081
Mon Mar 20 2017 18:25:45 GMT+0200 (Финляндия (зима)) INFO >>> Running on http://localhost:8081
Mon Mar 20 2017 18:29:25 GMT+0200 (Финляндия (зима)) INFO >>> Running on http://localhost:8081
Fri Apr 07 2017 18:26:40 GMT+0300 (Финляндия (лето)) INFO >>> Running on http://localhost:8081
Fri Apr 07 2017 18:31:57 GMT+0300 (Финляндия (лето)) INFO >>> Running on http://localhost:8081
Fri Apr 07 2017 18:33:12 GMT+0300 (Финляндия (лето)) INFO >>> Running on http://localhost:8081
Fri Apr 07 2017 19:15:09 GMT+0300 (Финляндия (лето)) INFO >>> Running on http://localhost:8081
Sun Apr 09 2017 03:33:54 GMT+0300 (Финляндия (лето)) INFO >>> Running on http://localhost:8081
Sun Apr 09 2017 03:35:22 GMT+0300 (Финляндия (лето)) INFO >>> Running on http://localhost:8081
Mon Apr 10 2017 14:12:22 GMT+0300 (Финляндия (лето)) INFO >>> Running on http://localhost:8081
Mon Apr 10 2017 15:35:45 GMT+0300 (Финляндия (лето)) INFO >>> Running on http://localhost:8081
Mon Apr 10 2017 16:09:13 GMT+0300 (Финляндия (лето)) INFO >>> Running on http://localhost:8081
Mon Apr 10 2017 16:09:18 GMT+0300 (Финляндия (лето)) INFO >>> Running on http://localhost:8081
Mon Apr 10 2017 16:10:44 GMT+0300 (Финляндия (лето)) INFO >>> Running on http://localhost:8081
Mon Apr 10 2017 16:11:54 GMT+0300 (Финляндия (лето)) INFO >>> Running on http://localhost:8081
Mon Apr 10 2017 19:20:56 GMT+0300 (Финляндия (лето)) INFO >>> Running on http://localhost:8081
Mon Apr 10 2017 19:48:54 GMT+0300 (Финляндия (лето)) INFO >>> Running on http://localhost:8081
Mon Apr 10 2017 19:58:10 GMT+0300 (Финляндия (лето)) INFO >>> Running on http://localhost:8081
Mon Apr 10 2017 19:59:07 GMT+0300 (Финляндия (лето)) INFO >>> Running on http://localhost:8081
Mon Apr 10 2017 20:03:35 GMT+0300 (Финляндия (лето)) INFO >>> Running on http://localhost:8081
Tue Apr 11 2017 13:09:49 GMT+0300 (Финляндия (лето)) INFO >>> Running on http://localhost:8081
Tue Apr 11 2017 13:21:09 GMT+0300 (Финляндия (лето)) INFO >>> Running on http://localhost:8081
Tue Apr 11 2017 13:21:22 GMT+0300 (Финляндия (лето)) INFO >>> Running on http://localhost:8081
Wed Apr 12 2017 10:44:26 GMT+0300 (Финляндия (лето)) INFO >>> Running on http://localhost:8081
Thu Apr 13 2017 16:56:19 GMT+0300 (Финляндия (лето)) INFO >>> Running on http://localhost:8081
Fri Apr 14 2017 12:03:19 GMT+0300 (Финляндия (лето)) INFO >>> Running on http://localhost:8081
Fri Apr 14 2017 12:11:22 GMT+0300 (Финляндия (лето)) INFO >>> Running on http://localhost:8081
Fri Apr 14 2017 12:15:01 GMT+0300 (Финляндия (лето)) INFO >>> Running on http://localhost:8081
Fri Apr 14 2017 12:17:19 GMT+0300 (Финляндия (лето)) INFO >>> Running on http://localhost:8081
Fri Apr 14 2017 13:16:19 GMT+0300 (Финляндия (лето)) INFO >>> Running on http://localhost:8081
Fri Apr 14 2017 13:18:03 GMT+0300 (Финляндия (лето)) INFO >>> Running on http://localhost:8081
Fri Apr 14 2017 13:22:03 GMT+0300 (Финляндия (лето)) INFO >>> Running on http://localhost:8081
Fri Apr 14 2017 13:25:25 GMT+0300 (Финляндия (лето)) INFO >>> Running on http://localhost:8081
Mon May 15 2017 22:57:32 GMT+0300 (Финляндия (лето)) INFO >>> Running on http://localhost:8081
Mon May 15 2017 23:03:20 GMT+0300 (Финляндия (лето)) INFO >>> Running on http://localhost:8082
Wed Jun 28 2017 18:07:53 GMT+0300 (Финляндия (лето)) INFO >>> Running on http://localhost:8082
Wed Jun 28 2017 18:09:09 GMT+0300 (Финляндия (лето)) INFO >>> Running on http://localhost:8082
Wed Jun 28 2017 19:12:25 GMT+0300 (Финляндия (лето)) INFO >>> Running on http://localhost:8085
Sat Jul 01 2017 22:37:59 GMT+0300 (Финляндия (лето)) INFO >>> Running on http://localhost:8085
Sat Jul 01 2017 22:49:51 GMT+0300 (Финляндия (лето)) INFO >>> Running on http://localhost:8085
Sat Jul 01 2017 23:10:53 GMT+0300 (Финляндия (лето)) INFO >>> Running on http://localhost:8085
Sat Jul 01 2017 23:23:59 GMT+0300 (Финляндия (лето)) INFO >>> Running on http://localhost:8085
Sat Jul 01 2017 23:34:54 GMT+0300 (Финляндия (лето)) INFO >>> Running on http://localhost:8085
Sat Jul 01 2017 23:35:43 GMT+0300 (Финляндия (лето)) INFO >>> Running on http://localhost:8085
Sat Jul 01 2017 23:43:58 GMT+0300 (Финляндия (лето)) INFO >>> Running on http://localhost:8085
Sat Jul 01 2017 23:46:29 GMT+0300 (Финляндия (лето)) INFO >>> Running on http://localhost:8085
Sat Jul 01 2017 23:47:01 GMT+0300 (Финляндия (лето)) INFO >>> Running on http://localhost:8085
Sat Jul 01 2017 23:47:54 GMT+0300 (Финляндия (лето)) INFO >>> Running on http://localhost:8085
Sat Jul 01 2017 23:57:37 GMT+0300 (Финляндия (лето)) INFO >>> Running on http://localhost:8085
Sat Jul 01 2017 23:57:58 GMT+0300 (Финляндия (лето)) INFO >>> Running on http://localhost:8085
Sat Jul 01 2017 23:59:16 GMT+0300 (Финляндия (лето)) INFO >>> Running on http://localhost:8085
Sat Jul 01 2017 23:59:44 GMT+0300 (Финляндия (лето)) INFO >>> Running on http://localhost:8085
Sun Jul 02 2017 00:01:08 GMT+0300 (Финляндия (лето)) INFO >>> Running on http://localhost:8085
Sun Jul 02 2017 00:02:46 GMT+0300 (Финляндия (лето)) INFO >>> Running on http://localhost:8085
Sun Jul 02 2017 00:04:33 GMT+0300 (Финляндия (лето)) INFO >>> Running on http://localhost:8085
Sun Jul 02 2017 00:07:37 GMT+0300 (Финляндия (лето)) INFO >>> Running on http://localhost:8082
Sun Jul 02 2017 00:50:11 GMT+0300 (Финляндия (лето)) INFO >>> Running on http://localhost:8082
Sun Jul 02 2017 01:06:05 GMT+0300 (Финляндия (лето)) INFO >>> Running on http://localhost:8082
Sun Jul 02 2017 01:08:33 GMT+0300 (Финляндия (лето)) INFO >>> Running on http://localhost:8082
Sun Jul 02 2017 01:10:42 GMT+0300 (Финляндия (лето)) INFO >>> Running on http://localhost:8082
Sun Jul 02 2017 01:23:48 GMT+0300 (Финляндия (лето)) INFO >>> Running on http://localhost:8082
Sun Jul 02 2017 01:24:27 GMT+0300 (Финляндия (лето)) INFO >>> Running on http://localhost:8082
Sun Jul 02 2017 01:29:58 GMT+0300 (Финляндия (лето)) INFO >>> Running on http://localhost:8082
Sun Jul 02 2017 01:34:12 GMT+0300 (Финляндия (лето)) INFO >>> Running on http://localhost:8082
Sun Jul 02 2017 01:42:49 GMT+0300 (Финляндия (лето)) INFO >>> Running on http://localhost:8082
Sun Jul 02 2017 01:45:23 GMT+0300 (Финляндия (лето)) INFO >>> Running on http://localhost:8082
Sun Jul 02 2017 02:00:27 GMT+0300 (Финляндия (лето)) INFO >>> Running on http://localhost:8082
Sun Jul 02 2017 02:25:38 GMT+0300 (Финляндия (лето)) INFO >>> Running on http://localhost:8082
Sun Jul 02 2017 13:43:03 GMT+0300 (Финляндия (лето)) INFO >>> Running on http://localhost:8082
Sun Jul 02 2017 14:13:46 GMT+0300 (Финляндия (лето)) INFO >>> Running on http://localhost:8082
Sun Jul 02 2017 14:54:08 GMT+0300 (Финляндия (лето)) INFO >>> Running on http://localhost:8082
Sun Jul 02 2017 14:54:21 GMT+0300 (Финляндия (лето)) INFO >>> Running on http://localhost:8082
Sun Jul 02 2017 14:56:21 GMT+0300 (Финляндия (лето)) INFO >>> Running on http://localhost:8082
Sun Jul 02 2017 14:57:16 GMT+0300 (Финляндия (лето)) INFO >>> Running on http://localhost:8082
Sun Jul 02 2017 15:04:13 GMT+0300 (Финляндия (лето)) INFO >>> Running on http://localhost:8082
Sun Jul 02 2017 15:17:23 GMT+0300 (Финляндия (лето)) INFO >>> Running on http://localhost:8082
Sun Jul 02 2017 15:18:13 GMT+0300 (Финляндия (лето)) INFO >>> Running on http://localhost:8082
Sun Jul 02 2017 15:19:25 GMT+0300 (Финляндия (лето)) INFO >>> Running on http://localhost:8082
Sun Jul 02 2017 15:19:54 GMT+0300 (Финляндия (лето)) INFO >>> Running on http://localhost:8082
Sun Jul 02 2017 15:21:53 GMT+0300 (Финляндия (лето)) INFO >>> Running on http://localhost:8082
Sun Jul 02 2017 15:37:27 GMT+0300 (Финляндия (лето)) INFO >>> Running on http://localhost:8082
Mon Jul 03 2017 11:22:24 GMT+0300 (Финляндия (лето)) INFO >>> Running on http://localhost:8082
Mon Jul 03 2017 12:01:19 GMT+0300 (Финляндия (лето)) INFO >>> Running on http://localhost:8082
Mon Jul 03 2017 16:38:10 GMT+0300 (Финляндия (лето)) INFO >>> Running on http://localhost:8082
Mon Jul 03 2017 16:41:11 GMT+0300 (Финляндия (лето)) INFO >>> Running on http://localhost:8082
